<?xml version="1.0" encoding="UTF-8"?>
<testng-results ignored="1" total="2" passed="1" failed="0" skipped="0">
  <reporter-output>
  </reporter-output>
  <suite started-at="2019-06-20T22:49:34Z" name="Default suite" finished-at="2019-06-20T22:49:40Z" duration-ms="5872">
    <groups>
    </groups>
    <test started-at="2019-06-20T22:49:34Z" name="Default test" finished-at="2019-06-20T22:49:40Z" duration-ms="5872">
      <class name="com.androidTest1.AppiumTest">
        <test-method signature="googlePlaySearchBox()[pri:0, instance:com.androidTest1.AppiumTest@7d8704ef]" started-at="2019-06-20T22:49:34Z" name="googlePlaySearchBox" finished-at="2019-06-20T22:49:40Z" duration-ms="5856" status="PASS">
          <reporter-output>
          </reporter-output>
        </test-method> <!-- googlePlaySearchBox -->
      </class> <!-- com.androidTest1.AppiumTest -->
    </test> <!-- Default test -->
  </suite> <!-- Default suite -->
</testng-results>
