<?xml version="1.0" encoding="UTF-8"?>
<!-- Generated by org.testng.reporters.JUnitXMLReporter -->
<testsuite ignored="1" hostname="Yunuss-MacBook-Pro.local" failures="0" tests="1" name="Default test" time="5.872" errors="0" timestamp="20 Jun 2019 22:49:40 GMT">
  <testcase classname="com.androidTest1.AppiumTest" name="googlePlaySearchBox" time="5.856"/>
  <testcase classname="com.androidTest1.AppiumTest" name="openCalculator" time="0.0">
    <ignored/>
  </testcase> <!-- openCalculator -->
</testsuite> <!-- Default test -->
